Build started 3/1/2017 10:25:11 PM.
     1>Project "C:\Users\Cathal\Desktop\stuff\ECS_Example.vcxproj" on node 2 (Build target(s)).
     1>Link:
         C:\Program Files (x86)\Microsoft Visual Studio 14.0\VC\bin\link.exe /ERRORREPORT:PROMPT /OUT:"C:\Users\Cathal\Desktop\stuff\Debug\ECS_Example.exe" /INCREMENTAL /NOLOGO /LIBPATH:"C:\SFML-2.3.2\lib" /LIBPATH:.\lib kernel32.lib user32.lib gdi32.lib winspool.lib comdlg32.lib advapi32.lib shell32.lib ole32.lib oleaut32.lib uuid.lib odbc32.lib odbccp32.lib /MANIFEST /MANIFESTUAC:"level='asInvoker' uiAccess='false'" /manifest:embed /DEBUG:FASTLINK /PDB:"C:\Users\Cathal\Desktop\stuff\Debug\ECS_Example.pdb" /TLBID:1 /DYNAMICBASE /NXCOMPAT /IMPLIB:"C:\Users\Cathal\Desktop\stuff\Debug\ECS_Example.lib" /MACHINE:X86 Debug\TankAi.obj
         Debug\Ai.obj
         Debug\Background.obj
         Debug\Display.obj
         Debug\Motion.obj
         Debug\Node.obj
         Debug\Parent.obj
         Debug\PlayerControl.obj
         Debug\Position.obj
         Debug\Tank.obj
         Debug\Turret.obj
         Debug\Volume.obj
         Debug\Wall.obj
         Debug\EntityCreator.obj
         Debug\Game.obj
         Debug\GameManager.obj
         Debug\KeyHandler.obj
         Debug\main.obj
         Debug\ResourcePath.obj
         Debug\ScreenSize.obj
         Debug\AiControlSystem.obj
         Debug\LevelSystem.obj
         Debug\MovementSystem.obj
         Debug\PlayerControlSystem.obj
         Debug\RenderSystem.obj
         Debug\BTMath.obj
         Debug\CollisionBox.obj
         Debug\LevelLoader.obj
     1>TankAi.obj : error LNK2019: unresolved external symbol "private: class sf::Vector2<float> __thiscall TankAi::pathFollowing(struct entityx::Entity::Id,class entityx::EntityManager &,class entityx::EventManager &)" (?pathFollowing@TankAi@@AAE?AV?$Vector2@M@sf@@UId@Entity@entityx@@AAVEntityManager@6@AAVEventManager@6@@Z) referenced in function "public: void __thiscall TankAi::update(struct entityx::Entity::Id,struct entityx::Entity::Id,class entityx::EntityManager &,class entityx::EventManager &,double)" (?update@TankAi@@QAEXUId@Entity@entityx@@0AAVEntityManager@4@AAVEventManager@4@N@Z)
     1>C:\Users\Cathal\Desktop\stuff\Debug\ECS_Example.exe : fatal error LNK1120: 1 unresolved externals
     1>Done Building Project "C:\Users\Cathal\Desktop\stuff\ECS_Example.vcxproj" (Build target(s)) -- FAILED.

Build FAILED.

Time Elapsed 00:00:07.20
